<?xml version="1.0" encoding="UTF-8"?>
<!-- Generated by org.testng.reporters.JUnitReportReporter -->
<testsuite hostname="WKWIN0221758" failures="0" tests="1" name="assignment.Assignment2" time="9.462" errors="0" timestamp="2021-12-17T19:39:03 IST" skipped="0">
  <testcase classname="assignment.Assignment2" name="framesTest" time="9.462"/>
  <system-out/>
</testsuite> <!-- assignment.Assignment2 -->
